<?xml version="1.0" encoding="UTF-8"?>
<!-- Generated by org.testng.reporters.JUnitReportReporter -->
<testsuite skipped="0" hostname="LAPTOP-JHCO5B84" name="regressionTestScripts.ValidLoginLogout" tests="2" failures="0" timestamp="2020-03-26T18:53:22 IST" time="26.414" errors="0">
  <testcase name="validloginlogout" time="17.227" classname="regressionTestScripts.ValidLoginLogout"/>
  <system-out>
title displayed title displayed  </system-out>
  <testcase name="validloginlogout" time="9.187" classname="regressionTestScripts.ValidLoginLogout"/>
  <system-out>
title displayed title displayed  </system-out>
</testsuite> <!-- regressionTestScripts.ValidLoginLogout -->
